00 a0 92 7f 00 00 00 00|01
00 a0 00 e6 00 00 00 00|01
00 a0 92 7f 00 00 00 00|01
00 a0 00 e6 00 00 00 00|01
00 a0 68 03 00 00 00 00|90 e6 68 e0 ff 74 ff f0 e0 b4 0b 04 ef f0 d3 22
00 a0 78 03 00 00 00 00|90 e6 68 ef f0 c3
00 a0 7e 03 00 00 00 00|22
00 a0 b5 01 00 00 00 00|90 7f e9 e0 64 a3 60 03 02 02 c5 a3 e0 75 08 00
00 a0 c5 01 00 00 00 00|f5 09 a3 e0 fe e4 ee 42 08 90 7f ee e0 75 0a 00
00 a0 d5 01 00 00 00 00|f5 0b a3 e0 fe e4 ee 42 0a 90 7f e8 e0 64 40 70
00 a0 e5 01 00 00 00 00|64 e5 0b 45 0a 70 03 02 02 d6 e4 90 7f c5 f0 90
00 a0 f5 01 00 00 00 00|7f b4 e0 20 e3 f9 90 7f c5 e0 75 0c 00 f5 0d e4
00 a0 05 02 00 00 00 00|fc fd c3 ed 95 0d ec 95 0c 50 1f 74 c0 2d f5 82
00 a0 15 02 00 00 00 00|e4 34 7e f5 83 e0 ff e5 09 2d f5 82 e5 08 3c f5
00 a0 25 02 00 00 00 00|83 ef f0 0d bd 00 01 0c 80 d8 e5 0d 25 09 f5 09
00 a0 35 02 00 00 00 00|e5 0c 35 08 f5 08 c3 e5 0b 95 0d f5 0b e5 0a 95
00 a0 45 02 00 00 00 00|0c f5 0a 80 9c 90 7f e8 e0 64 c0 60 03 02 02 d6
00 a0 55 02 00 00 00 00|e5 0b 45 0a 60 7b c3 e5 0b 94 40 e5 0a 94 00 50
00 a0 65 02 00 00 00 00|08 85 0a 0c 85 0b 0d 80 06 75 0c 00 75 0d 40 e4
00 a0 75 02 00 00 00 00|fc fd c3 ed 95 0d ec 95 0c 50 1f e5 09 2d f5 82
00 a0 85 02 00 00 00 00|e5 08 3c f5 83 e0 ff 74 00 2d f5 82 e4 34 7f f5
00 a0 95 02 00 00 00 00|83 ef f0 0d bd 00 01 0c 80 d8 90 7f b5 e5 0d f0
00 a0 a5 02 00 00 00 00|25 09 f5 09 e5 0c 35 08 f5 08 c3 e5 0b 95 0d f5
00 a0 b5 02 00 00 00 00|0b e5 0a 95 0c f5 0a 90 7f b4 e0 30 e2 92 80 f7
00 a0 c5 02 00 00 00 00|90 7f e9 e0 b4 ac 0a e4 90 7f 00 f0 90 7f b5 04
00 a0 d5 02 00 00 00 00|f0 90 7f b4 e0 44 02 f0
00 a0 dd 02 00 00 00 00|22
00 a0 80 00 00 00 00 00|90 e6 b9 e0 64 a3 60 03 02 01 98 a3 e0 75 08 00
00 a0 90 00 00 00 00 00|f5 09 a3 e0 fe e4 ee 42 08 90 e6 be e0 75 0a 00
00 a0 a0 00 00 00 00 00|f5 0b a3 e0 fe e4 ee 42 0a 90 e6 b8 e0 64 40 70
00 a0 b0 00 00 00 00 00|66 e5 0b 45 0a 70 03 02 01 ad e4 90 e6 8a f0 a3
00 a0 c0 00 00 00 00 00|f0 90 e6 a0 e0 20 e1 f9 90 e6 8b e0 75 0c 00 f5
00 a0 d0 00 00 00 00 00|0d e4 fc fd c3 ed 95 0d ec 95 0c 50 1f 74 40 2d
00 a0 e0 00 00 00 00 00|f5 82 e4 34 e7 f5 83 e0 ff e5 09 2d f5 82 e5 08
00 a0 f0 00 00 00 00 00|3c f5 83 ef f0 0d bd 00 01 0c 80 d8 e5 0d 25 09
00 a0 00 01 00 00 00 00|f5 09 e5 0c 35 08 f5 08 c3 e5 0b 95 0d f5 0b e5
00 a0 10 01 00 00 00 00|0a 95 0c f5 0a 80 9a 90 e6 b8 e0 64 c0 60 03 02
00 a0 20 01 00 00 00 00|01 ad e5 0b 45 0a 70 03 02 01 ad c3 e5 0b 94 40
00 a0 30 01 00 00 00 00|e5 0a 94 00 50 08 85 0a 0c 85 0b 0d 80 06 75 0c
00 a0 40 01 00 00 00 00|00 75 0d 40 e4 fc fd c3 ed 95 0d ec 95 0c 50 1f
00 a0 50 01 00 00 00 00|e5 09 2d f5 82 e5 08 3c f5 83 e0 ff 74 40 2d f5
00 a0 60 01 00 00 00 00|82 e4 34 e7 f5 83 ef f0 0d bd 00 01 0c 80 d8 e4
00 a0 70 01 00 00 00 00|90 e6 8a f0 a3 e5 0d f0 25 09 f5 09 e5 0c 35 08
00 a0 80 01 00 00 00 00|f5 08 c3 e5 0b 95 0d f5 0b e5 0a 95 0c f5 0a 90
00 a0 90 01 00 00 00 00|e6 a0 e0 30 e1 8c 80 f7 90 e6 b9 e0 b4 ac 0e 90
00 a0 a0 01 00 00 00 00|e7 40 74 01 f0 e4 90 e6 8a f0 a3 04 f0 90 e6 a0
00 a0 b0 01 00 00 00 00|e0 44 80 f0
00 a0 b4 01 00 00 00 00|22
00 a0 de 02 00 00 00 00|c2 01 12 03 68 92 00 90 7f 95 e0 44 c0 f0 d2 e8
00 a0 ee 02 00 00 00 00|30 00 08 90 e6 5d 74 ff f0 80 06 90 7f ab 74 ff
00 a0 fe 02 00 00 00 00|f0 30 00 08 90 e6 68 74 08 f0 80 07 90 7f af e0
00 a0 0e 03 00 00 00 00|44 01 f0 30 00 08 90 e6 5c 74 01 f0 80 06 90 7f
00 a0 1e 03 00 00 00 00|ae 74 01 f0 d2 af 30 01 fd 30 00 05 12 00 80 80
00 a0 2e 03 00 00 00 00|03 12 01 b5 c2 01 80 ee
00 a0 03 00 00 00 00 00|02 03 36
00 a0 36 03 00 00 00 00|c0 e0 c0 83 c0 82 c0 85 c0 84 c0 86 75 86 00 d2
00 a0 46 03 00 00 00 00|01 53 91 ef 30 00 08 90 e6 5d 74 01 f0 80 06 90
00 a0 56 03 00 00 00 00|7f ab 74 01 f0 d0 86 d0 84 d0 85 d0 82 d0 83 d0
00 a0 66 03 00 00 00 00|e0 32
00 a0 43 00 00 00 00 00|02 04 00
00 a0 00 04 00 00 00 00|02 03 36 00
00 a0 00 00 00 00 00 00|02 03 7f
00 a0 7f 03 00 00 00 00|78 7f e4 f6 d8 fd 75 81 20 02 02 de
00 a0 92 7f 00 00 00 00|00
00 a0 00 e6 00 00 00 00|00
00 a0 92 7f 00 00 00 00|01
00 a0 00 e6 00 00 00 00|01
00 a0 6b 0c 00 00 00 00|00 01 02 02 03 03 04 04 05 05
00 a0 a4 02 00 00 00 00|e4 f5 13 f5 12 f5 11 f5 10 c2 09 c2 06 c2 08 c2
00 a0 b4 02 00 00 00 00|07 12 09 3a 7e 08 7f 00 8e 44 8f 45 75 4c 08 75
00 a0 c4 02 00 00 00 00|4d 12 75 42 08 75 43 1c 75 4a 08 75 4b 4a 75 4e
00 a0 d4 02 00 00 00 00|08 75 4f 78 ee 54 e0 70 03 02 03 ea 75 14 00 75
00 a0 e4 02 00 00 00 00|15 80 8e 16 8f 17 c3 74 a4 9f ff 74 08 9e cf 24
00 a0 f4 02 00 00 00 00|02 cf 34 00 fe e4 8f 0f 8e 0e f5 0d f5 0c f5 0b
00 a0 04 03 00 00 00 00|f5 0a f5 09 f5 08 af 0f ae 0e ad 0d ac 0c ab 0b
00 a0 14 03 00 00 00 00|aa 0a a9 09 a8 08 c3 12 06 d4 50 26 e5 15 25 0b
00 a0 24 03 00 00 00 00|f5 82 e5 14 35 0a f5 83 74 cd f0 e5 0b 24 01 f5
00 a0 34 03 00 00 00 00|0b e4 35 0a f5 0a e4 35 09 f5 09 e4 35 08 f5 08
00 a0 44 03 00 00 00 00|80 c4 e4 f5 0b f5 0a f5 09 f5 08 af 0f ae 0e ad
00 a0 54 03 00 00 00 00|0d ac 0c ab 0b aa 0a a9 09 a8 08 c3 12 06 d4 50
00 a0 64 03 00 00 00 00|33 e5 17 25 0b f5 82 e5 16 35 0a f5 83 e0 ff e5
00 a0 74 03 00 00 00 00|15 25 0b f5 82 e5 14 35 0a f5 83 ef f0 e5 0b 24
00 a0 84 03 00 00 00 00|01 f5 0b e4 35 0a f5 0a e4 35 09 f5 09 e4 35 08
00 a0 94 03 00 00 00 00|f5 08 80 b7 85 14 44 85 15 45 74 00 24 80 ff 74
00 a0 a4 03 00 00 00 00|08 34 ff fe c3 e5 4d 9f f5 4d e5 4c 9e f5 4c c3
00 a0 b4 03 00 00 00 00|e5 47 9f f5 47 e5 46 9e f5 46 c3 e5 49 9f f5 49
00 a0 c4 03 00 00 00 00|e5 48 9e f5 48 c3 e5 43 9f f5 43 e5 42 9e f5 42
00 a0 d4 03 00 00 00 00|c3 e5 4b 9f f5 4b e5 4a 9e f5 4a c3 e5 4f 9f f5
00 a0 e4 03 00 00 00 00|4f e5 4e 9e f5 4e d2 e8 43 d8 20 90 e6 68 e0 44
00 a0 f4 03 00 00 00 00|09 f0 90 e6 5c e0 44 3d f0 d2 af 90 e6 80 e0 20
00 a0 04 04 00 00 00 00|e1 05 d2 0a 12 0a b8 90 e6 80 e0 54 f7 f0 e4 f5
00 a0 14 04 00 00 00 00|8e c2 09 30 07 05 12 00 80 c2 07 30 09 29 12 0c
00 a0 24 04 00 00 00 00|8b 50 24 c2 09 12 0b d7 20 06 16 90 e6 82 e0 30
00 a0 34 04 00 00 00 00|e7 04 e0 20 e1 ef 90 e6 82 e0 30 e6 04 e0 20 e0
00 a0 44 04 00 00 00 00|e4 12 0a e7 12 0c 8d 12 04 50 80 c7
00 a0 80 00 00 00 00 00|90 e6 b9 e0 70 03 02 01 31 14 70 03 02 01 ae 24
00 a0 90 00 00 00 00 00|fe 70 03 02 02 31 24 fb 70 03 02 01 2b 14 70 03
00 a0 a0 00 00 00 00 00|02 01 25 14 60 73 14 60 76 24 05 60 03 02 02 90
00 a0 b0 00 00 00 00 00|12 0c 8f 40 03 02 02 9c 90 e6 bb e0 24 fe 60 22
00 a0 c0 00 00 00 00 00|14 60 33 24 fd 60 11 14 60 22 24 06 70 48 e5 44
00 a0 d0 00 00 00 00 00|90 e6 b3 f0 e5 45 80 37 e5 4c 90 e6 b3 f0 e5 4d
00 a0 e0 00 00 00 00 00|80 2d e5 46 90 e6 b3 f0 e5 47 80 23 e5 48 90 e6
00 a0 f0 00 00 00 00 00|b3 f0 e5 49 80 19 90 e6 ba e0 ff 12 0b 13 aa 06
00 a0 00 01 00 00 00 00|a9 07 7b 01 ea 49 4b 60 0d ee 90 e6 b3 f0 ef 90
00 a0 10 01 00 00 00 00|e6 b4 f0 02 02 9c 02 02 95 12 0c 3d 02 02 9c 12
00 a0 20 01 00 00 00 00|0c 7f 02 02 9c 12 06 f7 02 02 9c 12 06 e5 02 02
00 a0 30 01 00 00 00 00|9c 12 0c 91 40 03 02 02 9c 90 e6 b8 e0 24 7f 60
00 a0 40 01 00 00 00 00|15 14 60 19 24 02 70 63 a2 06 e4 33 25 e0 ff a2
00 a0 50 01 00 00 00 00|08 e4 33 4f 80 41 e4 90 e7 40 f0 80 3f 90 e6 bc
00 a0 60 01 00 00 00 00|e0 54 7e ff 7e 00 e0 d3 94 80 7c 00 40 04 7d 01
00 a0 70 01 00 00 00 00|80 02 7d 00 ec 4e fe ed 4f 24 6b f5 82 74 0c 3e
00 a0 80 01 00 00 00 00|f5 83 e4 93 ff 33 95 e0 fe ef 24 a1 ff ee 34 e6
00 a0 90 01 00 00 00 00|8f 82 f5 83 e0 54 01 90 e7 40 f0 e4 a3 f0 90 e6
00 a0 a0 01 00 00 00 00|8a f0 90 e6 8b 74 02 f0 02 02 9c 02 02 95 12 0c
00 a0 b0 01 00 00 00 00|93 40 03 02 02 9c 90 e6 b8 e0 24 fe 60 16 24 02
00 a0 c0 01 00 00 00 00|60 03 02 02 9c 90 e6 ba e0 b4 01 05 c2 06 02 02
00 a0 d0 01 00 00 00 00|9c 02 02 95 90 e6 ba e0 70 55 90 e6 bc e0 54 7e
00 a0 e0 01 00 00 00 00|ff 7e 00 e0 d3 94 80 7c 00 40 04 7d 01 80 02 7d
00 a0 f0 01 00 00 00 00|00 ec 4e fe ed 4f 24 6b f5 82 74 0c 3e f5 83 e4
00 a0 00 02 00 00 00 00|93 ff 33 95 e0 fe ef 24 a1 ff ee 34 e6 8f 82 f5
00 a0 10 02 00 00 00 00|83 e0 54 fe f0 90 e6 bc e0 54 80 13 13 13 54 1f
00 a0 20 02 00 00 00 00|ff e0 54 0f 2f 90 e6 83 f0 e0 44 20 f0 80 6d 80
00 a0 30 02 00 00 00 00|64 12 0c 95 50 66 90 e6 b8 e0 24 fe 60 19 24 02
00 a0 40 02 00 00 00 00|70 5a 90 e6 ba e0 b4 01 04 d2 06 80 4f 90 e6 ba
00 a0 50 02 00 00 00 00|e0 64 02 60 47 80 3e 90 e6 bc e0 54 7e ff 7e 00
00 a0 60 02 00 00 00 00|e0 d3 94 80 7c 00 40 04 7d 01 80 02 7d 00 ec 4e
00 a0 70 02 00 00 00 00|fe ed 4f 24 6b f5 82 74 0c 3e f5 83 e4 93 ff 33
00 a0 80 02 00 00 00 00|95 e0 fe ef 24 a1 ff ee 34 e6 8f 82 f5 83 80 08
00 a0 90 02 00 00 00 00|12 0c 97 50 07 90 e6 a0 e0 44 01 f0 90 e6 a0 e0
00 a0 a0 02 00 00 00 00|44 80 f0
00 a0 a3 02 00 00 00 00|22
00 a0 0b 00 00 00 00 00|02 0a 89
00 a0 89 0a 00 00 00 00|c0 e0 c0 d0 05 28 e5 28 70 02 05 27 30 03 08 05
00 a0 99 0a 00 00 00 00|37 e5 37 70 02 05 36 d3 e5 28 94 0f e5 27 94 00
00 a0 a9 0a 00 00 00 00|40 08 75 27 00 75 28 00 d2 02 d0 d0 d0 e0 32
00 a0 33 00 00 00 00 00|02 0c 87
00 a0 87 0c 00 00 00 00|53 d8 ef 32
00 a0 00 08 00 00 00 00|12 01 00 02 00 00 00 40 99 99 55 55 00 00 01 02
00 a0 10 08 00 00 00 00|00 01 0a 06 00 02 00 00 00 40 01 00 09 02 2e 00
00 a0 20 08 00 00 00 00|01 01 00 a0 32 09 04 00 00 04 ff 00 00 00 07 05
00 a0 30 08 00 00 00 00|86 02 00 02 00 07 05 02 02 00 02 00 07 05 04 02
00 a0 40 08 00 00 00 00|00 02 00 07 05 88 02 00 02 00 09 02 2e 00 01 01
00 a0 50 08 00 00 00 00|00 a0 32 09 04 00 00 04 ff 00 00 00 07 05 86 02
00 a0 60 08 00 00 00 00|40 00 00 07 05 02 02 40 00 00 07 05 04 02 40 00
00 a0 70 08 00 00 00 00|00 07 05 88 02 40 00 00 04 03 09 04 12 03 4c 00
00 a0 80 08 00 00 00 00|61 00 73 00 65 00 72 00 53 00 68 00 77 00 16 03
00 a0 90 08 00 00 00 00|55 00 53 00 42 00 32 00 30 00 2d 00 43 00 61 00
00 a0 a0 08 00 00 00 00|72 00 64 00 00 00
00 a0 3a 09 00 00 00 00|90 e6 00 e0 54 e7 44 10 f0 90 e6 10 74 a0 f0 90
00 a0 4a 09 00 00 00 00|e6 11 f0 00 00 00 90 e6 12 74 a2 f0 00 00 00 90
00 a0 5a 09 00 00 00 00|e6 13 74 a0 f0 00 00 00 90 e6 14 74 e2 f0 00 00
00 a0 6a 09 00 00 00 00|00 90 e6 15 74 e0 f0 00 00 00 90 e6 91 74 80 f0
00 a0 7a 09 00 00 00 00|00 00 00 f0 00 00 00 90 e6 95 f0 00 00 00 f0 43
00 a0 8a 09 00 00 00 00|af 01 75 b2 ff e4 f5 b3 75 b4 ff 75 b5 ff 75 b6
